-- Found ament_cmake: 2.5.4 (/opt/ros/jazzy/share/ament_cmake/cmake)
-- Found rosidl_default_generators: 1.6.0 (/opt/ros/jazzy/share/rosidl_default_generators/cmake)
-- Using all available rosidl_typesupport_c: rosidl_typesupport_fastrtps_c;rosidl_typesupport_introspection_c
-- Using all available rosidl_typesupport_cpp: rosidl_typesupport_fastrtps_cpp;rosidl_typesupport_introspection_cpp
-- Found rosidl_adapter: 4.6.6 (/opt/ros/jazzy/share/rosidl_adapter/cmake)
-- Found ament_cmake_ros: 0.12.0 (/opt/ros/jazzy/share/ament_cmake_ros/cmake)
-- Using all available rosidl_typesupport_c: rosidl_typesupport_fastrtps_c;rosidl_typesupport_introspection_c
-- Using all available rosidl_typesupport_cpp: rosidl_typesupport_fastrtps_cpp;rosidl_typesupport_introspection_cpp
-- Found python_cmake_module: 0.11.1 (/opt/ros/jazzy/share/python_cmake_module/cmake)
-- Found PythonExtra: /usr/bin/python3  
-- Found Python3: /usr/bin/python3 (found version "3.12.3") found components: Interpreter Development NumPy Development.Module Development.Embed 
-- Found ament_lint_auto: 0.17.3 (/opt/ros/jazzy/share/ament_lint_auto/cmake)
-- Added test 'lint_cmake' to check CMake code style
-- Added test 'xmllint' to check XML markup files
-- Configuring done (2.6s)
-- Generating done (0.0s)
-- Build files have been written to: /home/ba7rouch/Documents/RE1/ReasearchTrack2/ros2_ws/build/assignment1_interfaces
[  2%] [34m[1mGenerating type hashes for ROS interfaces[0m
[  2%] Built target ament_cmake_python_copy_assignment1_interfaces
[  2%] Built target assignment1_interfaces__rosidl_generator_type_description
[  5%] [34m[1mGenerating C code for ROS interfaces[0m
[  8%] [34m[1mGenerating C++ code for ROS interfaces[0m
running egg_info
creating assignment1_interfaces.egg-info
writing assignment1_interfaces.egg-info/PKG-INFO
writing dependency_links to assignment1_interfaces.egg-info/dependency_links.txt
writing top-level names to assignment1_interfaces.egg-info/top_level.txt
writing manifest file 'assignment1_interfaces.egg-info/SOURCES.txt'
reading manifest file 'assignment1_interfaces.egg-info/SOURCES.txt'
writing manifest file 'assignment1_interfaces.egg-info/SOURCES.txt'
[  8%] Built target ament_cmake_python_build_assignment1_interfaces_egg
[  8%] Built target assignment1_interfaces__cpp
[ 17%] [32mBuilding C object CMakeFiles/assignment1_interfaces__rosidl_generator_c.dir/rosidl_generator_c/assignment1_interfaces/action/detail/navigate__type_support.c.o[0m
[ 17%] [32mBuilding C object CMakeFiles/assignment1_interfaces__rosidl_generator_c.dir/rosidl_generator_c/assignment1_interfaces/action/detail/navigate__description.c.o[0m
[ 17%] [32mBuilding C object CMakeFiles/assignment1_interfaces__rosidl_generator_c.dir/rosidl_generator_c/assignment1_interfaces/action/detail/navigate__functions.c.o[0m
[ 20%] [32m[1mLinking C shared library libassignment1_interfaces__rosidl_generator_c.so[0m
[ 20%] Built target assignment1_interfaces__rosidl_generator_c
[ 35%] [34m[1mGenerating C type support dispatch for ROS interfaces[0m
[ 35%] [34m[1mGenerating C++ type support for eProsima Fast-RTPS[0m
[ 35%] [34m[1mGenerating C introspection for ROS interfaces[0m
[ 35%] [34m[1mGenerating C type support for eProsima Fast-RTPS[0m
[ 35%] [34m[1mGenerating C++ introspection for ROS interfaces[0m
[ 38%] [34m[1mGenerating C++ type support dispatch for ROS interfaces[0m
[ 41%] [32mBuilding CXX object CMakeFiles/assignment1_interfaces__rosidl_typesupport_c.dir/rosidl_typesupport_c/assignment1_interfaces/action/navigate__type_support.cpp.o[0m
[ 44%] [32mBuilding CXX object CMakeFiles/assignment1_interfaces__rosidl_typesupport_cpp.dir/rosidl_typesupport_cpp/assignment1_interfaces/action/navigate__type_support.cpp.o[0m
[ 47%] [32mBuilding CXX object CMakeFiles/assignment1_interfaces__rosidl_typesupport_introspection_cpp.dir/rosidl_typesupport_introspection_cpp/assignment1_interfaces/action/detail/navigate__type_support.cpp.o[0m
[ 50%] [32m[1mLinking CXX shared library libassignment1_interfaces__rosidl_typesupport_c.so[0m
[ 52%] [32mBuilding C object CMakeFiles/assignment1_interfaces__rosidl_typesupport_introspection_c.dir/rosidl_typesupport_introspection_c/assignment1_interfaces/action/detail/navigate__type_support.c.o[0m
[ 52%] Built target assignment1_interfaces__rosidl_typesupport_c
[ 55%] [32m[1mLinking C shared library libassignment1_interfaces__rosidl_typesupport_introspection_c.so[0m
[ 58%] [32mBuilding CXX object CMakeFiles/assignment1_interfaces__rosidl_typesupport_fastrtps_cpp.dir/rosidl_typesupport_fastrtps_cpp/assignment1_interfaces/action/detail/dds_fastrtps/navigate__type_support.cpp.o[0m
[ 58%] Built target assignment1_interfaces__rosidl_typesupport_introspection_c
[ 61%] [32mBuilding CXX object CMakeFiles/assignment1_interfaces__rosidl_typesupport_fastrtps_c.dir/rosidl_typesupport_fastrtps_c/assignment1_interfaces/action/detail/navigate__type_support_c.cpp.o[0m
[ 64%] [32m[1mLinking CXX shared library libassignment1_interfaces__rosidl_typesupport_cpp.so[0m
[ 67%] [32m[1mLinking CXX shared library libassignment1_interfaces__rosidl_typesupport_introspection_cpp.so[0m
[ 70%] [32m[1mLinking CXX shared library libassignment1_interfaces__rosidl_typesupport_fastrtps_c.so[0m
[ 70%] Built target assignment1_interfaces__rosidl_typesupport_cpp
[ 70%] Built target assignment1_interfaces__rosidl_typesupport_fastrtps_c
[ 70%] Built target assignment1_interfaces__rosidl_typesupport_introspection_cpp
[ 73%] [32m[1mLinking CXX shared library libassignment1_interfaces__rosidl_typesupport_fastrtps_cpp.so[0m
[ 73%] Built target assignment1_interfaces__rosidl_typesupport_fastrtps_cpp
[ 73%] Built target assignment1_interfaces
[ 76%] [34m[1mGenerating Python code for ROS interfaces[0m
[ 76%] Built target assignment1_interfaces__py
[ 79%] [32mBuilding C object CMakeFiles/assignment1_interfaces__rosidl_generator_py.dir/rosidl_generator_py/assignment1_interfaces/action/_navigate_s.c.o[0m
[ 82%] [32m[1mLinking C shared library libassignment1_interfaces__rosidl_generator_py.so[0m
[ 82%] Built target assignment1_interfaces__rosidl_generator_py
[ 91%] [32mBuilding C object CMakeFiles/assignment1_interfaces_s__rosidl_typesupport_c.dir/rosidl_generator_py/assignment1_interfaces/_assignment1_interfaces_s.ep.rosidl_typesupport_c.c.o[0m
[ 91%] [32mBuilding C object CMakeFiles/assignment1_interfaces_s__rosidl_typesupport_fastrtps_c.dir/rosidl_generator_py/assignment1_interfaces/_assignment1_interfaces_s.ep.rosidl_typesupport_fastrtps_c.c.o[0m
[ 91%] [32mBuilding C object CMakeFiles/assignment1_interfaces_s__rosidl_typesupport_introspection_c.dir/rosidl_generator_py/assignment1_interfaces/_assignment1_interfaces_s.ep.rosidl_typesupport_introspection_c.c.o[0m
[ 94%] [32m[1mLinking C shared module rosidl_generator_py/assignment1_interfaces/assignment1_interfaces_s__rosidl_typesupport_introspection_c.so[0m
[ 97%] [32m[1mLinking C shared module rosidl_generator_py/assignment1_interfaces/assignment1_interfaces_s__rosidl_typesupport_c.so[0m
[100%] [32m[1mLinking C shared module rosidl_generator_py/assignment1_interfaces/assignment1_interfaces_s__rosidl_typesupport_fastrtps_c.so[0m
[100%] Built target assignment1_interfaces_s__rosidl_typesupport_c
[100%] Built target assignment1_interfaces_s__rosidl_typesupport_introspection_c
[100%] Built target assignment1_interfaces_s__rosidl_typesupport_fastrtps_c
-- Install configuration: ""
-- Installing: /home/ba7rouch/Documents/RE1/ReasearchTrack2/ros2_ws/install/assignment1_interfaces/share/ament_index/resource_index/rosidl_interfaces/assignment1_interfaces
-- Installing: /home/ba7rouch/Documents/RE1/ReasearchTrack2/ros2_ws/install/assignment1_interfaces/share/assignment1_interfaces/action/Navigate.json
-- Installing: /home/ba7rouch/Documents/RE1/ReasearchTrack2/ros2_ws/install/assignment1_interfaces/include/assignment1_interfaces/assignment1_interfaces
-- Installing: /home/ba7rouch/Documents/RE1/ReasearchTrack2/ros2_ws/install/assignment1_interfaces/include/assignment1_interfaces/assignment1_interfaces/msg
-- Installing: /home/ba7rouch/Documents/RE1/ReasearchTrack2/ros2_ws/install/assignment1_interfaces/include/assignment1_interfaces/assignment1_interfaces/msg/rosidl_generator_c__visibility_control.h
-- Installing: /home/ba7rouch/Documents/RE1/ReasearchTrack2/ros2_ws/install/assignment1_interfaces/include/assignment1_interfaces/assignment1_interfaces/action
-- Installing: /home/ba7rouch/Documents/RE1/ReasearchTrack2/ros2_ws/install/assignment1_interfaces/include/assignment1_interfaces/assignment1_interfaces/action/navigate.h
-- Installing: /home/ba7rouch/Documents/RE1/ReasearchTrack2/ros2_ws/install/assignment1_interfaces/include/assignment1_interfaces/assignment1_interfaces/action/detail
-- Installing: /home/ba7rouch/Documents/RE1/ReasearchTrack2/ros2_ws/install/assignment1_interfaces/include/assignment1_interfaces/assignment1_interfaces/action/detail/navigate__functions.h
-- Installing: /home/ba7rouch/Documents/RE1/ReasearchTrack2/ros2_ws/install/assignment1_interfaces/include/assignment1_interfaces/assignment1_interfaces/action/detail/navigate__type_support.h
-- Installing: /home/ba7rouch/Documents/RE1/ReasearchTrack2/ros2_ws/install/assignment1_interfaces/include/assignment1_interfaces/assignment1_interfaces/action/detail/navigate__struct.h
-- Installing: /home/ba7rouch/Documents/RE1/ReasearchTrack2/ros2_ws/install/assignment1_interfaces/include/assignment1_interfaces/assignment1_interfaces/action/detail/navigate__description.c
-- Installing: /home/ba7rouch/Documents/RE1/ReasearchTrack2/ros2_ws/install/assignment1_interfaces/include/assignment1_interfaces/assignment1_interfaces/action/detail/navigate__type_support.c
-- Installing: /home/ba7rouch/Documents/RE1/ReasearchTrack2/ros2_ws/install/assignment1_interfaces/include/assignment1_interfaces/assignment1_interfaces/action/detail/navigate__functions.c
-- Installing: /home/ba7rouch/Documents/RE1/ReasearchTrack2/ros2_ws/install/assignment1_interfaces/share/assignment1_interfaces/environment/library_path.sh
-- Installing: /home/ba7rouch/Documents/RE1/ReasearchTrack2/ros2_ws/install/assignment1_interfaces/share/assignment1_interfaces/environment/library_path.dsv
-- Installing: /home/ba7rouch/Documents/RE1/ReasearchTrack2/ros2_ws/install/assignment1_interfaces/lib/libassignment1_interfaces__rosidl_generator_c.so
-- Set non-toolchain portion of runtime path of "/home/ba7rouch/Documents/RE1/ReasearchTrack2/ros2_ws/install/assignment1_interfaces/lib/libassignment1_interfaces__rosidl_generator_c.so" to ""
-- Up-to-date: /home/ba7rouch/Documents/RE1/ReasearchTrack2/ros2_ws/install/assignment1_interfaces/include/assignment1_interfaces/assignment1_interfaces
-- Up-to-date: /home/ba7rouch/Documents/RE1/ReasearchTrack2/ros2_ws/install/assignment1_interfaces/include/assignment1_interfaces/assignment1_interfaces/msg
-- Installing: /home/ba7rouch/Documents/RE1/ReasearchTrack2/ros2_ws/install/assignment1_interfaces/include/assignment1_interfaces/assignment1_interfaces/msg/rosidl_typesupport_fastrtps_c__visibility_control.h
-- Up-to-date: /home/ba7rouch/Documents/RE1/ReasearchTrack2/ros2_ws/install/assignment1_interfaces/include/assignment1_interfaces/assignment1_interfaces/action
-- Up-to-date: /home/ba7rouch/Documents/RE1/ReasearchTrack2/ros2_ws/install/assignment1_interfaces/include/assignment1_interfaces/assignment1_interfaces/action/detail
-- Installing: /home/ba7rouch/Documents/RE1/ReasearchTrack2/ros2_ws/install/assignment1_interfaces/include/assignment1_interfaces/assignment1_interfaces/action/detail/navigate__rosidl_typesupport_fastrtps_c.h
-- Installing: /home/ba7rouch/Documents/RE1/ReasearchTrack2/ros2_ws/install/assignment1_interfaces/lib/libassignment1_interfaces__rosidl_typesupport_fastrtps_c.so
-- Set non-toolchain portion of runtime path of "/home/ba7rouch/Documents/RE1/ReasearchTrack2/ros2_ws/install/assignment1_interfaces/lib/libassignment1_interfaces__rosidl_typesupport_fastrtps_c.so" to ""
-- Up-to-date: /home/ba7rouch/Documents/RE1/ReasearchTrack2/ros2_ws/install/assignment1_interfaces/include/assignment1_interfaces/assignment1_interfaces
-- Up-to-date: /home/ba7rouch/Documents/RE1/ReasearchTrack2/ros2_ws/install/assignment1_interfaces/include/assignment1_interfaces/assignment1_interfaces/msg
-- Installing: /home/ba7rouch/Documents/RE1/ReasearchTrack2/ros2_ws/install/assignment1_interfaces/include/assignment1_interfaces/assignment1_interfaces/msg/rosidl_typesupport_introspection_c__visibility_control.h
-- Up-to-date: /home/ba7rouch/Documents/RE1/ReasearchTrack2/ros2_ws/install/assignment1_interfaces/include/assignment1_interfaces/assignment1_interfaces/action
-- Up-to-date: /home/ba7rouch/Documents/RE1/ReasearchTrack2/ros2_ws/install/assignment1_interfaces/include/assignment1_interfaces/assignment1_interfaces/action/detail
-- Installing: /home/ba7rouch/Documents/RE1/ReasearchTrack2/ros2_ws/install/assignment1_interfaces/include/assignment1_interfaces/assignment1_interfaces/action/detail/navigate__rosidl_typesupport_introspection_c.h
-- Installing: /home/ba7rouch/Documents/RE1/ReasearchTrack2/ros2_ws/install/assignment1_interfaces/include/assignment1_interfaces/assignment1_interfaces/action/detail/navigate__type_support.c
-- Installing: /home/ba7rouch/Documents/RE1/ReasearchTrack2/ros2_ws/install/assignment1_interfaces/lib/libassignment1_interfaces__rosidl_typesupport_introspection_c.so
-- Set non-toolchain portion of runtime path of "/home/ba7rouch/Documents/RE1/ReasearchTrack2/ros2_ws/install/assignment1_interfaces/lib/libassignment1_interfaces__rosidl_typesupport_introspection_c.so" to ""
-- Installing: /home/ba7rouch/Documents/RE1/ReasearchTrack2/ros2_ws/install/assignment1_interfaces/lib/libassignment1_interfaces__rosidl_typesupport_c.so
-- Set non-toolchain portion of runtime path of "/home/ba7rouch/Documents/RE1/ReasearchTrack2/ros2_ws/install/assignment1_interfaces/lib/libassignment1_interfaces__rosidl_typesupport_c.so" to ""
-- Up-to-date: /home/ba7rouch/Documents/RE1/ReasearchTrack2/ros2_ws/install/assignment1_interfaces/include/assignment1_interfaces/assignment1_interfaces
-- Up-to-date: /home/ba7rouch/Documents/RE1/ReasearchTrack2/ros2_ws/install/assignment1_interfaces/include/assignment1_interfaces/assignment1_interfaces/msg
-- Installing: /home/ba7rouch/Documents/RE1/ReasearchTrack2/ros2_ws/install/assignment1_interfaces/include/assignment1_interfaces/assignment1_interfaces/msg/rosidl_generator_cpp__visibility_control.hpp
-- Up-to-date: /home/ba7rouch/Documents/RE1/ReasearchTrack2/ros2_ws/install/assignment1_interfaces/include/assignment1_interfaces/assignment1_interfaces/action
-- Up-to-date: /home/ba7rouch/Documents/RE1/ReasearchTrack2/ros2_ws/install/assignment1_interfaces/include/assignment1_interfaces/assignment1_interfaces/action/detail
-- Installing: /home/ba7rouch/Documents/RE1/ReasearchTrack2/ros2_ws/install/assignment1_interfaces/include/assignment1_interfaces/assignment1_interfaces/action/detail/navigate__traits.hpp
-- Installing: /home/ba7rouch/Documents/RE1/ReasearchTrack2/ros2_ws/install/assignment1_interfaces/include/assignment1_interfaces/assignment1_interfaces/action/detail/navigate__builder.hpp
-- Installing: /home/ba7rouch/Documents/RE1/ReasearchTrack2/ros2_ws/install/assignment1_interfaces/include/assignment1_interfaces/assignment1_interfaces/action/detail/navigate__struct.hpp
-- Installing: /home/ba7rouch/Documents/RE1/ReasearchTrack2/ros2_ws/install/assignment1_interfaces/include/assignment1_interfaces/assignment1_interfaces/action/detail/navigate__type_support.hpp
-- Installing: /home/ba7rouch/Documents/RE1/ReasearchTrack2/ros2_ws/install/assignment1_interfaces/include/assignment1_interfaces/assignment1_interfaces/action/navigate.hpp
-- Up-to-date: /home/ba7rouch/Documents/RE1/ReasearchTrack2/ros2_ws/install/assignment1_interfaces/include/assignment1_interfaces/assignment1_interfaces
-- Up-to-date: /home/ba7rouch/Documents/RE1/ReasearchTrack2/ros2_ws/install/assignment1_interfaces/include/assignment1_interfaces/assignment1_interfaces/msg
-- Installing: /home/ba7rouch/Documents/RE1/ReasearchTrack2/ros2_ws/install/assignment1_interfaces/include/assignment1_interfaces/assignment1_interfaces/msg/rosidl_typesupport_fastrtps_cpp__visibility_control.h
-- Up-to-date: /home/ba7rouch/Documents/RE1/ReasearchTrack2/ros2_ws/install/assignment1_interfaces/include/assignment1_interfaces/assignment1_interfaces/action
-- Up-to-date: /home/ba7rouch/Documents/RE1/ReasearchTrack2/ros2_ws/install/assignment1_interfaces/include/assignment1_interfaces/assignment1_interfaces/action/detail
-- Installing: /home/ba7rouch/Documents/RE1/ReasearchTrack2/ros2_ws/install/assignment1_interfaces/include/assignment1_interfaces/assignment1_interfaces/action/detail/navigate__rosidl_typesupport_fastrtps_cpp.hpp
-- Installing: /home/ba7rouch/Documents/RE1/ReasearchTrack2/ros2_ws/install/assignment1_interfaces/include/assignment1_interfaces/assignment1_interfaces/action/detail/dds_fastrtps
-- Installing: /home/ba7rouch/Documents/RE1/ReasearchTrack2/ros2_ws/install/assignment1_interfaces/lib/libassignment1_interfaces__rosidl_typesupport_fastrtps_cpp.so
-- Set non-toolchain portion of runtime path of "/home/ba7rouch/Documents/RE1/ReasearchTrack2/ros2_ws/install/assignment1_interfaces/lib/libassignment1_interfaces__rosidl_typesupport_fastrtps_cpp.so" to ""
-- Up-to-date: /home/ba7rouch/Documents/RE1/ReasearchTrack2/ros2_ws/install/assignment1_interfaces/include/assignment1_interfaces/assignment1_interfaces
-- Up-to-date: /home/ba7rouch/Documents/RE1/ReasearchTrack2/ros2_ws/install/assignment1_interfaces/include/assignment1_interfaces/assignment1_interfaces/action
-- Up-to-date: /home/ba7rouch/Documents/RE1/ReasearchTrack2/ros2_ws/install/assignment1_interfaces/include/assignment1_interfaces/assignment1_interfaces/action/detail
-- Installing: /home/ba7rouch/Documents/RE1/ReasearchTrack2/ros2_ws/install/assignment1_interfaces/include/assignment1_interfaces/assignment1_interfaces/action/detail/navigate__type_support.cpp
-- Installing: /home/ba7rouch/Documents/RE1/ReasearchTrack2/ros2_ws/install/assignment1_interfaces/include/assignment1_interfaces/assignment1_interfaces/action/detail/navigate__rosidl_typesupport_introspection_cpp.hpp
-- Installing: /home/ba7rouch/Documents/RE1/ReasearchTrack2/ros2_ws/install/assignment1_interfaces/lib/libassignment1_interfaces__rosidl_typesupport_introspection_cpp.so
-- Set non-toolchain portion of runtime path of "/home/ba7rouch/Documents/RE1/ReasearchTrack2/ros2_ws/install/assignment1_interfaces/lib/libassignment1_interfaces__rosidl_typesupport_introspection_cpp.so" to ""
-- Installing: /home/ba7rouch/Documents/RE1/ReasearchTrack2/ros2_ws/install/assignment1_interfaces/lib/libassignment1_interfaces__rosidl_typesupport_cpp.so
-- Set non-toolchain portion of runtime path of "/home/ba7rouch/Documents/RE1/ReasearchTrack2/ros2_ws/install/assignment1_interfaces/lib/libassignment1_interfaces__rosidl_typesupport_cpp.so" to ""
-- Installing: /home/ba7rouch/Documents/RE1/ReasearchTrack2/ros2_ws/install/assignment1_interfaces/share/assignment1_interfaces/environment/pythonpath.sh
-- Installing: /home/ba7rouch/Documents/RE1/ReasearchTrack2/ros2_ws/install/assignment1_interfaces/share/assignment1_interfaces/environment/pythonpath.dsv
-- Installing: /home/ba7rouch/Documents/RE1/ReasearchTrack2/ros2_ws/install/assignment1_interfaces/lib/python3.12/site-packages/assignment1_interfaces-0.0.0-py3.12.egg-info
-- Installing: /home/ba7rouch/Documents/RE1/ReasearchTrack2/ros2_ws/install/assignment1_interfaces/lib/python3.12/site-packages/assignment1_interfaces-0.0.0-py3.12.egg-info/top_level.txt
-- Installing: /home/ba7rouch/Documents/RE1/ReasearchTrack2/ros2_ws/install/assignment1_interfaces/lib/python3.12/site-packages/assignment1_interfaces-0.0.0-py3.12.egg-info/dependency_links.txt
-- Installing: /home/ba7rouch/Documents/RE1/ReasearchTrack2/ros2_ws/install/assignment1_interfaces/lib/python3.12/site-packages/assignment1_interfaces-0.0.0-py3.12.egg-info/PKG-INFO
-- Installing: /home/ba7rouch/Documents/RE1/ReasearchTrack2/ros2_ws/install/assignment1_interfaces/lib/python3.12/site-packages/assignment1_interfaces-0.0.0-py3.12.egg-info/SOURCES.txt
-- Installing: /home/ba7rouch/Documents/RE1/ReasearchTrack2/ros2_ws/install/assignment1_interfaces/lib/python3.12/site-packages/assignment1_interfaces
-- Installing: /home/ba7rouch/Documents/RE1/ReasearchTrack2/ros2_ws/install/assignment1_interfaces/lib/python3.12/site-packages/assignment1_interfaces/assignment1_interfaces_s__rosidl_typesupport_introspection_c.so
-- Installing: /home/ba7rouch/Documents/RE1/ReasearchTrack2/ros2_ws/install/assignment1_interfaces/lib/python3.12/site-packages/assignment1_interfaces/_assignment1_interfaces_s.ep.rosidl_typesupport_introspection_c.c
-- Installing: /home/ba7rouch/Documents/RE1/ReasearchTrack2/ros2_ws/install/assignment1_interfaces/lib/python3.12/site-packages/assignment1_interfaces/_assignment1_interfaces_s.ep.rosidl_typesupport_c.c
-- Installing: /home/ba7rouch/Documents/RE1/ReasearchTrack2/ros2_ws/install/assignment1_interfaces/lib/python3.12/site-packages/assignment1_interfaces/_assignment1_interfaces_s.ep.rosidl_typesupport_fastrtps_c.c
-- Installing: /home/ba7rouch/Documents/RE1/ReasearchTrack2/ros2_ws/install/assignment1_interfaces/lib/python3.12/site-packages/assignment1_interfaces/assignment1_interfaces_s__rosidl_typesupport_c.so
-- Installing: /home/ba7rouch/Documents/RE1/ReasearchTrack2/ros2_ws/install/assignment1_interfaces/lib/python3.12/site-packages/assignment1_interfaces/assignment1_interfaces_s__rosidl_typesupport_fastrtps_c.so
-- Installing: /home/ba7rouch/Documents/RE1/ReasearchTrack2/ros2_ws/install/assignment1_interfaces/lib/python3.12/site-packages/assignment1_interfaces/action
-- Installing: /home/ba7rouch/Documents/RE1/ReasearchTrack2/ros2_ws/install/assignment1_interfaces/lib/python3.12/site-packages/assignment1_interfaces/action/_navigate_s.c
-- Installing: /home/ba7rouch/Documents/RE1/ReasearchTrack2/ros2_ws/install/assignment1_interfaces/lib/python3.12/site-packages/assignment1_interfaces/action/__init__.py
-- Installing: /home/ba7rouch/Documents/RE1/ReasearchTrack2/ros2_ws/install/assignment1_interfaces/lib/python3.12/site-packages/assignment1_interfaces/action/_navigate.py
-- Installing: /home/ba7rouch/Documents/RE1/ReasearchTrack2/ros2_ws/install/assignment1_interfaces/lib/python3.12/site-packages/assignment1_interfaces/__init__.py
Listing '/home/ba7rouch/Documents/RE1/ReasearchTrack2/ros2_ws/install/assignment1_interfaces/lib/python3.12/site-packages/assignment1_interfaces'...
Compiling '/home/ba7rouch/Documents/RE1/ReasearchTrack2/ros2_ws/install/assignment1_interfaces/lib/python3.12/site-packages/assignment1_interfaces/__init__.py'...
Listing '/home/ba7rouch/Documents/RE1/ReasearchTrack2/ros2_ws/install/assignment1_interfaces/lib/python3.12/site-packages/assignment1_interfaces/action'...
Compiling '/home/ba7rouch/Documents/RE1/ReasearchTrack2/ros2_ws/install/assignment1_interfaces/lib/python3.12/site-packages/assignment1_interfaces/action/__init__.py'...
Compiling '/home/ba7rouch/Documents/RE1/ReasearchTrack2/ros2_ws/install/assignment1_interfaces/lib/python3.12/site-packages/assignment1_interfaces/action/_navigate.py'...
-- Installing: /home/ba7rouch/Documents/RE1/ReasearchTrack2/ros2_ws/install/assignment1_interfaces/lib/python3.12/site-packages/assignment1_interfaces/assignment1_interfaces_s__rosidl_typesupport_fastrtps_c.so
-- Set non-toolchain portion of runtime path of "/home/ba7rouch/Documents/RE1/ReasearchTrack2/ros2_ws/install/assignment1_interfaces/lib/python3.12/site-packages/assignment1_interfaces/assignment1_interfaces_s__rosidl_typesupport_fastrtps_c.so" to ""
-- Installing: /home/ba7rouch/Documents/RE1/ReasearchTrack2/ros2_ws/install/assignment1_interfaces/lib/python3.12/site-packages/assignment1_interfaces/assignment1_interfaces_s__rosidl_typesupport_introspection_c.so
-- Set non-toolchain portion of runtime path of "/home/ba7rouch/Documents/RE1/ReasearchTrack2/ros2_ws/install/assignment1_interfaces/lib/python3.12/site-packages/assignment1_interfaces/assignment1_interfaces_s__rosidl_typesupport_introspection_c.so" to ""
-- Installing: /home/ba7rouch/Documents/RE1/ReasearchTrack2/ros2_ws/install/assignment1_interfaces/lib/python3.12/site-packages/assignment1_interfaces/assignment1_interfaces_s__rosidl_typesupport_c.so
-- Set non-toolchain portion of runtime path of "/home/ba7rouch/Documents/RE1/ReasearchTrack2/ros2_ws/install/assignment1_interfaces/lib/python3.12/site-packages/assignment1_interfaces/assignment1_interfaces_s__rosidl_typesupport_c.so" to ""
-- Installing: /home/ba7rouch/Documents/RE1/ReasearchTrack2/ros2_ws/install/assignment1_interfaces/lib/libassignment1_interfaces__rosidl_generator_py.so
-- Set non-toolchain portion of runtime path of "/home/ba7rouch/Documents/RE1/ReasearchTrack2/ros2_ws/install/assignment1_interfaces/lib/libassignment1_interfaces__rosidl_generator_py.so" to ""
-- Installing: /home/ba7rouch/Documents/RE1/ReasearchTrack2/ros2_ws/install/assignment1_interfaces/share/assignment1_interfaces/action/Navigate.idl
-- Installing: /home/ba7rouch/Documents/RE1/ReasearchTrack2/ros2_ws/install/assignment1_interfaces/share/assignment1_interfaces/action/Navigate.action
-- Installing: /home/ba7rouch/Documents/RE1/ReasearchTrack2/ros2_ws/install/assignment1_interfaces/share/ament_index/resource_index/package_run_dependencies/assignment1_interfaces
-- Installing: /home/ba7rouch/Documents/RE1/ReasearchTrack2/ros2_ws/install/assignment1_interfaces/share/ament_index/resource_index/parent_prefix_path/assignment1_interfaces
-- Installing: /home/ba7rouch/Documents/RE1/ReasearchTrack2/ros2_ws/install/assignment1_interfaces/share/assignment1_interfaces/environment/ament_prefix_path.sh
-- Installing: /home/ba7rouch/Documents/RE1/ReasearchTrack2/ros2_ws/install/assignment1_interfaces/share/assignment1_interfaces/environment/ament_prefix_path.dsv
-- Installing: /home/ba7rouch/Documents/RE1/ReasearchTrack2/ros2_ws/install/assignment1_interfaces/share/assignment1_interfaces/environment/path.sh
-- Installing: /home/ba7rouch/Documents/RE1/ReasearchTrack2/ros2_ws/install/assignment1_interfaces/share/assignment1_interfaces/environment/path.dsv
-- Installing: /home/ba7rouch/Documents/RE1/ReasearchTrack2/ros2_ws/install/assignment1_interfaces/share/assignment1_interfaces/local_setup.bash
-- Installing: /home/ba7rouch/Documents/RE1/ReasearchTrack2/ros2_ws/install/assignment1_interfaces/share/assignment1_interfaces/local_setup.sh
-- Installing: /home/ba7rouch/Documents/RE1/ReasearchTrack2/ros2_ws/install/assignment1_interfaces/share/assignment1_interfaces/local_setup.zsh
-- Installing: /home/ba7rouch/Documents/RE1/ReasearchTrack2/ros2_ws/install/assignment1_interfaces/share/assignment1_interfaces/local_setup.dsv
-- Installing: /home/ba7rouch/Documents/RE1/ReasearchTrack2/ros2_ws/install/assignment1_interfaces/share/assignment1_interfaces/package.dsv
-- Installing: /home/ba7rouch/Documents/RE1/ReasearchTrack2/ros2_ws/install/assignment1_interfaces/share/ament_index/resource_index/packages/assignment1_interfaces
-- Installing: /home/ba7rouch/Documents/RE1/ReasearchTrack2/ros2_ws/install/assignment1_interfaces/share/assignment1_interfaces/cmake/export_assignment1_interfaces__rosidl_generator_cExport.cmake
-- Installing: /home/ba7rouch/Documents/RE1/ReasearchTrack2/ros2_ws/install/assignment1_interfaces/share/assignment1_interfaces/cmake/export_assignment1_interfaces__rosidl_generator_cExport-noconfig.cmake
-- Installing: /home/ba7rouch/Documents/RE1/ReasearchTrack2/ros2_ws/install/assignment1_interfaces/share/assignment1_interfaces/cmake/export_assignment1_interfaces__rosidl_typesupport_fastrtps_cExport.cmake
-- Installing: /home/ba7rouch/Documents/RE1/ReasearchTrack2/ros2_ws/install/assignment1_interfaces/share/assignment1_interfaces/cmake/export_assignment1_interfaces__rosidl_typesupport_fastrtps_cExport-noconfig.cmake
-- Installing: /home/ba7rouch/Documents/RE1/ReasearchTrack2/ros2_ws/install/assignment1_interfaces/share/assignment1_interfaces/cmake/assignment1_interfaces__rosidl_typesupport_introspection_cExport.cmake
-- Installing: /home/ba7rouch/Documents/RE1/ReasearchTrack2/ros2_ws/install/assignment1_interfaces/share/assignment1_interfaces/cmake/assignment1_interfaces__rosidl_typesupport_introspection_cExport-noconfig.cmake
-- Installing: /home/ba7rouch/Documents/RE1/ReasearchTrack2/ros2_ws/install/assignment1_interfaces/share/assignment1_interfaces/cmake/assignment1_interfaces__rosidl_typesupport_cExport.cmake
-- Installing: /home/ba7rouch/Documents/RE1/ReasearchTrack2/ros2_ws/install/assignment1_interfaces/share/assignment1_interfaces/cmake/assignment1_interfaces__rosidl_typesupport_cExport-noconfig.cmake
-- Installing: /home/ba7rouch/Documents/RE1/ReasearchTrack2/ros2_ws/install/assignment1_interfaces/share/assignment1_interfaces/cmake/export_assignment1_interfaces__rosidl_generator_cppExport.cmake
-- Installing: /home/ba7rouch/Documents/RE1/ReasearchTrack2/ros2_ws/install/assignment1_interfaces/share/assignment1_interfaces/cmake/export_assignment1_interfaces__rosidl_typesupport_fastrtps_cppExport.cmake
-- Installing: /home/ba7rouch/Documents/RE1/ReasearchTrack2/ros2_ws/install/assignment1_interfaces/share/assignment1_interfaces/cmake/export_assignment1_interfaces__rosidl_typesupport_fastrtps_cppExport-noconfig.cmake
-- Installing: /home/ba7rouch/Documents/RE1/ReasearchTrack2/ros2_ws/install/assignment1_interfaces/share/assignment1_interfaces/cmake/assignment1_interfaces__rosidl_typesupport_introspection_cppExport.cmake
-- Installing: /home/ba7rouch/Documents/RE1/ReasearchTrack2/ros2_ws/install/assignment1_interfaces/share/assignment1_interfaces/cmake/assignment1_interfaces__rosidl_typesupport_introspection_cppExport-noconfig.cmake
-- Installing: /home/ba7rouch/Documents/RE1/ReasearchTrack2/ros2_ws/install/assignment1_interfaces/share/assignment1_interfaces/cmake/assignment1_interfaces__rosidl_typesupport_cppExport.cmake
-- Installing: /home/ba7rouch/Documents/RE1/ReasearchTrack2/ros2_ws/install/assignment1_interfaces/share/assignment1_interfaces/cmake/assignment1_interfaces__rosidl_typesupport_cppExport-noconfig.cmake
-- Installing: /home/ba7rouch/Documents/RE1/ReasearchTrack2/ros2_ws/install/assignment1_interfaces/share/assignment1_interfaces/cmake/export_assignment1_interfaces__rosidl_generator_pyExport.cmake
-- Installing: /home/ba7rouch/Documents/RE1/ReasearchTrack2/ros2_ws/install/assignment1_interfaces/share/assignment1_interfaces/cmake/export_assignment1_interfaces__rosidl_generator_pyExport-noconfig.cmake
-- Installing: /home/ba7rouch/Documents/RE1/ReasearchTrack2/ros2_ws/install/assignment1_interfaces/share/assignment1_interfaces/cmake/rosidl_cmake-extras.cmake
-- Installing: /home/ba7rouch/Documents/RE1/ReasearchTrack2/ros2_ws/install/assignment1_interfaces/share/assignment1_interfaces/cmake/ament_cmake_export_dependencies-extras.cmake
-- Installing: /home/ba7rouch/Documents/RE1/ReasearchTrack2/ros2_ws/install/assignment1_interfaces/share/assignment1_interfaces/cmake/ament_cmake_export_include_directories-extras.cmake
-- Installing: /home/ba7rouch/Documents/RE1/ReasearchTrack2/ros2_ws/install/assignment1_interfaces/share/assignment1_interfaces/cmake/ament_cmake_export_libraries-extras.cmake
-- Installing: /home/ba7rouch/Documents/RE1/ReasearchTrack2/ros2_ws/install/assignment1_interfaces/share/assignment1_interfaces/cmake/ament_cmake_export_targets-extras.cmake
-- Installing: /home/ba7rouch/Documents/RE1/ReasearchTrack2/ros2_ws/install/assignment1_interfaces/share/assignment1_interfaces/cmake/rosidl_cmake_export_typesupport_targets-extras.cmake
-- Installing: /home/ba7rouch/Documents/RE1/ReasearchTrack2/ros2_ws/install/assignment1_interfaces/share/assignment1_interfaces/cmake/rosidl_cmake_export_typesupport_libraries-extras.cmake
-- Installing: /home/ba7rouch/Documents/RE1/ReasearchTrack2/ros2_ws/install/assignment1_interfaces/share/assignment1_interfaces/cmake/assignment1_interfacesConfig.cmake
-- Installing: /home/ba7rouch/Documents/RE1/ReasearchTrack2/ros2_ws/install/assignment1_interfaces/share/assignment1_interfaces/cmake/assignment1_interfacesConfig-version.cmake
-- Installing: /home/ba7rouch/Documents/RE1/ReasearchTrack2/ros2_ws/install/assignment1_interfaces/share/assignment1_interfaces/package.xml
