[0.010s] Invoking command in '/home/ba7rouch/Documents/RE1/ReasearchTrack2/ros2_ws/build/assignment1_interfaces': CMAKE_PREFIX_PATH=${CMAKE_PREFIX_PATH}:/opt/ros/jazzy DEBUGINFOD_URLS=https://debuginfod.ubuntu.com /usr/bin/cmake /home/ba7rouch/Documents/RE1/ReasearchTrack2/ros2_ws/src/assignment1_interfaces -DCMAKE_INSTALL_PREFIX=/home/ba7rouch/Documents/RE1/ReasearchTrack2/ros2_ws/install/assignment1_interfaces
[0.028s] -- Found ament_cmake: 2.5.4 (/opt/ros/jazzy/share/ament_cmake/cmake)
[0.227s] -- Found rosidl_default_generators: 1.6.0 (/opt/ros/jazzy/share/rosidl_default_generators/cmake)
[0.229s] -- Using all available rosidl_typesupport_c: rosidl_typesupport_fastrtps_c;rosidl_typesupport_introspection_c
[0.260s] -- Using all available rosidl_typesupport_cpp: rosidl_typesupport_fastrtps_cpp;rosidl_typesupport_introspection_cpp
[0.285s] -- Found rosidl_adapter: 4.6.6 (/opt/ros/jazzy/share/rosidl_adapter/cmake)
[0.899s] -- Found ament_cmake_ros: 0.12.0 (/opt/ros/jazzy/share/ament_cmake_ros/cmake)
[1.323s] -- Using all available rosidl_typesupport_c: rosidl_typesupport_fastrtps_c;rosidl_typesupport_introspection_c
[1.871s] -- Using all available rosidl_typesupport_cpp: rosidl_typesupport_fastrtps_cpp;rosidl_typesupport_introspection_cpp
[1.885s] -- Found python_cmake_module: 0.11.1 (/opt/ros/jazzy/share/python_cmake_module/cmake)
[2.025s] -- Found PythonExtra: /usr/bin/python3  
[2.493s] -- Found Python3: /usr/bin/python3 (found version "3.12.3") found components: Interpreter Development NumPy Development.Module Development.Embed 
[2.539s] -- Found ament_lint_auto: 0.17.3 (/opt/ros/jazzy/share/ament_lint_auto/cmake)
[2.590s] -- Added test 'lint_cmake' to check CMake code style
[2.592s] -- Added test 'xmllint' to check XML markup files
[2.596s] -- Configuring done (2.6s)
[2.633s] -- Generating done (0.0s)
[2.643s] -- Build files have been written to: /home/ba7rouch/Documents/RE1/ReasearchTrack2/ros2_ws/build/assignment1_interfaces
[2.651s] Invoked command in '/home/ba7rouch/Documents/RE1/ReasearchTrack2/ros2_ws/build/assignment1_interfaces' returned '0': CMAKE_PREFIX_PATH=${CMAKE_PREFIX_PATH}:/opt/ros/jazzy DEBUGINFOD_URLS=https://debuginfod.ubuntu.com /usr/bin/cmake /home/ba7rouch/Documents/RE1/ReasearchTrack2/ros2_ws/src/assignment1_interfaces -DCMAKE_INSTALL_PREFIX=/home/ba7rouch/Documents/RE1/ReasearchTrack2/ros2_ws/install/assignment1_interfaces
[2.653s] Invoking command in '/home/ba7rouch/Documents/RE1/ReasearchTrack2/ros2_ws/build/assignment1_interfaces': CMAKE_PREFIX_PATH=${CMAKE_PREFIX_PATH}:/opt/ros/jazzy DEBUGINFOD_URLS=https://debuginfod.ubuntu.com /usr/bin/cmake --build /home/ba7rouch/Documents/RE1/ReasearchTrack2/ros2_ws/build/assignment1_interfaces -- -j12 -l12
[2.709s] [  2%] [34m[1mGenerating type hashes for ROS interfaces[0m
[2.720s] [  2%] Built target ament_cmake_python_copy_assignment1_interfaces
[2.885s] [  2%] Built target assignment1_interfaces__rosidl_generator_type_description
[2.896s] [  5%] [34m[1mGenerating C code for ROS interfaces[0m
[2.906s] [  8%] [34m[1mGenerating C++ code for ROS interfaces[0m
[2.930s] running egg_info
[2.930s] creating assignment1_interfaces.egg-info
[2.949s] writing assignment1_interfaces.egg-info/PKG-INFO
[2.949s] writing dependency_links to assignment1_interfaces.egg-info/dependency_links.txt
[2.949s] writing top-level names to assignment1_interfaces.egg-info/top_level.txt
[2.949s] writing manifest file 'assignment1_interfaces.egg-info/SOURCES.txt'
[3.003s] reading manifest file 'assignment1_interfaces.egg-info/SOURCES.txt'
[3.003s] writing manifest file 'assignment1_interfaces.egg-info/SOURCES.txt'
[3.030s] [  8%] Built target ament_cmake_python_build_assignment1_interfaces_egg
[3.246s] [  8%] Built target assignment1_interfaces__cpp
[3.259s] [ 17%] [32mBuilding C object CMakeFiles/assignment1_interfaces__rosidl_generator_c.dir/rosidl_generator_c/assignment1_interfaces/action/detail/navigate__type_support.c.o[0m
[3.259s] [ 17%] [32mBuilding C object CMakeFiles/assignment1_interfaces__rosidl_generator_c.dir/rosidl_generator_c/assignment1_interfaces/action/detail/navigate__description.c.o[0m
[3.259s] [ 17%] [32mBuilding C object CMakeFiles/assignment1_interfaces__rosidl_generator_c.dir/rosidl_generator_c/assignment1_interfaces/action/detail/navigate__functions.c.o[0m
[3.408s] [ 20%] [32m[1mLinking C shared library libassignment1_interfaces__rosidl_generator_c.so[0m
[3.449s] [ 20%] Built target assignment1_interfaces__rosidl_generator_c
[3.460s] [ 35%] [34m[1mGenerating C type support dispatch for ROS interfaces[0m
[3.461s] [ 35%] [34m[1mGenerating C++ type support for eProsima Fast-RTPS[0m
[3.461s] [ 35%] [34m[1mGenerating C introspection for ROS interfaces[0m
[3.461s] [ 35%] [34m[1mGenerating C type support for eProsima Fast-RTPS[0m
[3.461s] [ 35%] [34m[1mGenerating C++ introspection for ROS interfaces[0m
[3.461s] [ 38%] [34m[1mGenerating C++ type support dispatch for ROS interfaces[0m
[3.733s] [ 41%] [32mBuilding CXX object CMakeFiles/assignment1_interfaces__rosidl_typesupport_c.dir/rosidl_typesupport_c/assignment1_interfaces/action/navigate__type_support.cpp.o[0m
[3.738s] [ 44%] [32mBuilding CXX object CMakeFiles/assignment1_interfaces__rosidl_typesupport_cpp.dir/rosidl_typesupport_cpp/assignment1_interfaces/action/navigate__type_support.cpp.o[0m
[3.805s] [ 47%] [32mBuilding CXX object CMakeFiles/assignment1_interfaces__rosidl_typesupport_introspection_cpp.dir/rosidl_typesupport_introspection_cpp/assignment1_interfaces/action/detail/navigate__type_support.cpp.o[0m
[3.805s] [ 50%] [32m[1mLinking CXX shared library libassignment1_interfaces__rosidl_typesupport_c.so[0m
[3.812s] [ 52%] [32mBuilding C object CMakeFiles/assignment1_interfaces__rosidl_typesupport_introspection_c.dir/rosidl_typesupport_introspection_c/assignment1_interfaces/action/detail/navigate__type_support.c.o[0m
[3.853s] [ 52%] Built target assignment1_interfaces__rosidl_typesupport_c
[3.890s] [ 55%] [32m[1mLinking C shared library libassignment1_interfaces__rosidl_typesupport_introspection_c.so[0m
[3.921s] [ 58%] [32mBuilding CXX object CMakeFiles/assignment1_interfaces__rosidl_typesupport_fastrtps_cpp.dir/rosidl_typesupport_fastrtps_cpp/assignment1_interfaces/action/detail/dds_fastrtps/navigate__type_support.cpp.o[0m
[3.929s] [ 58%] Built target assignment1_interfaces__rosidl_typesupport_introspection_c
[3.941s] [ 61%] [32mBuilding CXX object CMakeFiles/assignment1_interfaces__rosidl_typesupport_fastrtps_c.dir/rosidl_typesupport_fastrtps_c/assignment1_interfaces/action/detail/navigate__type_support_c.cpp.o[0m
[4.386s] [ 64%] [32m[1mLinking CXX shared library libassignment1_interfaces__rosidl_typesupport_cpp.so[0m
[4.443s] [ 67%] [32m[1mLinking CXX shared library libassignment1_interfaces__rosidl_typesupport_introspection_cpp.so[0m
[4.449s] [ 70%] [32m[1mLinking CXX shared library libassignment1_interfaces__rosidl_typesupport_fastrtps_c.so[0m
[4.472s] [ 70%] Built target assignment1_interfaces__rosidl_typesupport_cpp
[4.503s] [ 70%] Built target assignment1_interfaces__rosidl_typesupport_fastrtps_c
[4.520s] [ 70%] Built target assignment1_interfaces__rosidl_typesupport_introspection_cpp
[4.751s] [ 73%] [32m[1mLinking CXX shared library libassignment1_interfaces__rosidl_typesupport_fastrtps_cpp.so[0m
[4.818s] [ 73%] Built target assignment1_interfaces__rosidl_typesupport_fastrtps_cpp
[4.842s] [ 73%] Built target assignment1_interfaces
[4.864s] [ 76%] [34m[1mGenerating Python code for ROS interfaces[0m
[5.399s] [ 76%] Built target assignment1_interfaces__py
[5.423s] [ 79%] [32mBuilding C object CMakeFiles/assignment1_interfaces__rosidl_generator_py.dir/rosidl_generator_py/assignment1_interfaces/action/_navigate_s.c.o[0m
[5.625s] [ 82%] [32m[1mLinking C shared library libassignment1_interfaces__rosidl_generator_py.so[0m
[5.671s] [ 82%] Built target assignment1_interfaces__rosidl_generator_py
[5.692s] [ 91%] [32mBuilding C object CMakeFiles/assignment1_interfaces_s__rosidl_typesupport_c.dir/rosidl_generator_py/assignment1_interfaces/_assignment1_interfaces_s.ep.rosidl_typesupport_c.c.o[0m
[5.693s] [ 91%] [32mBuilding C object CMakeFiles/assignment1_interfaces_s__rosidl_typesupport_fastrtps_c.dir/rosidl_generator_py/assignment1_interfaces/_assignment1_interfaces_s.ep.rosidl_typesupport_fastrtps_c.c.o[0m
[5.693s] [ 91%] [32mBuilding C object CMakeFiles/assignment1_interfaces_s__rosidl_typesupport_introspection_c.dir/rosidl_generator_py/assignment1_interfaces/_assignment1_interfaces_s.ep.rosidl_typesupport_introspection_c.c.o[0m
[5.802s] [ 94%] [32m[1mLinking C shared module rosidl_generator_py/assignment1_interfaces/assignment1_interfaces_s__rosidl_typesupport_introspection_c.so[0m
[5.802s] [ 97%] [32m[1mLinking C shared module rosidl_generator_py/assignment1_interfaces/assignment1_interfaces_s__rosidl_typesupport_c.so[0m
[5.806s] [100%] [32m[1mLinking C shared module rosidl_generator_py/assignment1_interfaces/assignment1_interfaces_s__rosidl_typesupport_fastrtps_c.so[0m
[5.836s] [100%] Built target assignment1_interfaces_s__rosidl_typesupport_c
[5.836s] [100%] Built target assignment1_interfaces_s__rosidl_typesupport_introspection_c
[5.840s] [100%] Built target assignment1_interfaces_s__rosidl_typesupport_fastrtps_c
[5.853s] Invoked command in '/home/ba7rouch/Documents/RE1/ReasearchTrack2/ros2_ws/build/assignment1_interfaces' returned '0': CMAKE_PREFIX_PATH=${CMAKE_PREFIX_PATH}:/opt/ros/jazzy DEBUGINFOD_URLS=https://debuginfod.ubuntu.com /usr/bin/cmake --build /home/ba7rouch/Documents/RE1/ReasearchTrack2/ros2_ws/build/assignment1_interfaces -- -j12 -l12
[5.863s] Invoking command in '/home/ba7rouch/Documents/RE1/ReasearchTrack2/ros2_ws/build/assignment1_interfaces': CMAKE_PREFIX_PATH=${CMAKE_PREFIX_PATH}:/opt/ros/jazzy DEBUGINFOD_URLS=https://debuginfod.ubuntu.com /usr/bin/cmake --install /home/ba7rouch/Documents/RE1/ReasearchTrack2/ros2_ws/build/assignment1_interfaces
[5.871s] -- Install configuration: ""
[5.872s] -- Installing: /home/ba7rouch/Documents/RE1/ReasearchTrack2/ros2_ws/install/assignment1_interfaces/share/ament_index/resource_index/rosidl_interfaces/assignment1_interfaces
[5.872s] -- Installing: /home/ba7rouch/Documents/RE1/ReasearchTrack2/ros2_ws/install/assignment1_interfaces/share/assignment1_interfaces/action/Navigate.json
[5.872s] -- Installing: /home/ba7rouch/Documents/RE1/ReasearchTrack2/ros2_ws/install/assignment1_interfaces/include/assignment1_interfaces/assignment1_interfaces
[5.872s] -- Installing: /home/ba7rouch/Documents/RE1/ReasearchTrack2/ros2_ws/install/assignment1_interfaces/include/assignment1_interfaces/assignment1_interfaces/msg
[5.872s] -- Installing: /home/ba7rouch/Documents/RE1/ReasearchTrack2/ros2_ws/install/assignment1_interfaces/include/assignment1_interfaces/assignment1_interfaces/msg/rosidl_generator_c__visibility_control.h
[5.872s] -- Installing: /home/ba7rouch/Documents/RE1/ReasearchTrack2/ros2_ws/install/assignment1_interfaces/include/assignment1_interfaces/assignment1_interfaces/action
[5.873s] -- Installing: /home/ba7rouch/Documents/RE1/ReasearchTrack2/ros2_ws/install/assignment1_interfaces/include/assignment1_interfaces/assignment1_interfaces/action/navigate.h
[5.873s] -- Installing: /home/ba7rouch/Documents/RE1/ReasearchTrack2/ros2_ws/install/assignment1_interfaces/include/assignment1_interfaces/assignment1_interfaces/action/detail
[5.873s] -- Installing: /home/ba7rouch/Documents/RE1/ReasearchTrack2/ros2_ws/install/assignment1_interfaces/include/assignment1_interfaces/assignment1_interfaces/action/detail/navigate__functions.h
[5.873s] -- Installing: /home/ba7rouch/Documents/RE1/ReasearchTrack2/ros2_ws/install/assignment1_interfaces/include/assignment1_interfaces/assignment1_interfaces/action/detail/navigate__type_support.h
[5.873s] -- Installing: /home/ba7rouch/Documents/RE1/ReasearchTrack2/ros2_ws/install/assignment1_interfaces/include/assignment1_interfaces/assignment1_interfaces/action/detail/navigate__struct.h
[5.873s] -- Installing: /home/ba7rouch/Documents/RE1/ReasearchTrack2/ros2_ws/install/assignment1_interfaces/include/assignment1_interfaces/assignment1_interfaces/action/detail/navigate__description.c
[5.873s] -- Installing: /home/ba7rouch/Documents/RE1/ReasearchTrack2/ros2_ws/install/assignment1_interfaces/include/assignment1_interfaces/assignment1_interfaces/action/detail/navigate__type_support.c
[5.873s] -- Installing: /home/ba7rouch/Documents/RE1/ReasearchTrack2/ros2_ws/install/assignment1_interfaces/include/assignment1_interfaces/assignment1_interfaces/action/detail/navigate__functions.c
[5.874s] -- Installing: /home/ba7rouch/Documents/RE1/ReasearchTrack2/ros2_ws/install/assignment1_interfaces/share/assignment1_interfaces/environment/library_path.sh
[5.874s] -- Installing: /home/ba7rouch/Documents/RE1/ReasearchTrack2/ros2_ws/install/assignment1_interfaces/share/assignment1_interfaces/environment/library_path.dsv
[5.874s] -- Installing: /home/ba7rouch/Documents/RE1/ReasearchTrack2/ros2_ws/install/assignment1_interfaces/lib/libassignment1_interfaces__rosidl_generator_c.so
[5.874s] -- Set non-toolchain portion of runtime path of "/home/ba7rouch/Documents/RE1/ReasearchTrack2/ros2_ws/install/assignment1_interfaces/lib/libassignment1_interfaces__rosidl_generator_c.so" to ""
[5.874s] -- Up-to-date: /home/ba7rouch/Documents/RE1/ReasearchTrack2/ros2_ws/install/assignment1_interfaces/include/assignment1_interfaces/assignment1_interfaces
[5.875s] -- Up-to-date: /home/ba7rouch/Documents/RE1/ReasearchTrack2/ros2_ws/install/assignment1_interfaces/include/assignment1_interfaces/assignment1_interfaces/msg
[5.875s] -- Installing: /home/ba7rouch/Documents/RE1/ReasearchTrack2/ros2_ws/install/assignment1_interfaces/include/assignment1_interfaces/assignment1_interfaces/msg/rosidl_typesupport_fastrtps_c__visibility_control.h
[5.875s] -- Up-to-date: /home/ba7rouch/Documents/RE1/ReasearchTrack2/ros2_ws/install/assignment1_interfaces/include/assignment1_interfaces/assignment1_interfaces/action
[5.875s] -- Up-to-date: /home/ba7rouch/Documents/RE1/ReasearchTrack2/ros2_ws/install/assignment1_interfaces/include/assignment1_interfaces/assignment1_interfaces/action/detail
[5.875s] -- Installing: /home/ba7rouch/Documents/RE1/ReasearchTrack2/ros2_ws/install/assignment1_interfaces/include/assignment1_interfaces/assignment1_interfaces/action/detail/navigate__rosidl_typesupport_fastrtps_c.h
[5.875s] -- Installing: /home/ba7rouch/Documents/RE1/ReasearchTrack2/ros2_ws/install/assignment1_interfaces/lib/libassignment1_interfaces__rosidl_typesupport_fastrtps_c.so
[5.875s] -- Set non-toolchain portion of runtime path of "/home/ba7rouch/Documents/RE1/ReasearchTrack2/ros2_ws/install/assignment1_interfaces/lib/libassignment1_interfaces__rosidl_typesupport_fastrtps_c.so" to ""
[5.875s] -- Up-to-date: /home/ba7rouch/Documents/RE1/ReasearchTrack2/ros2_ws/install/assignment1_interfaces/include/assignment1_interfaces/assignment1_interfaces
[5.875s] -- Up-to-date: /home/ba7rouch/Documents/RE1/ReasearchTrack2/ros2_ws/install/assignment1_interfaces/include/assignment1_interfaces/assignment1_interfaces/msg
[5.875s] -- Installing: /home/ba7rouch/Documents/RE1/ReasearchTrack2/ros2_ws/install/assignment1_interfaces/include/assignment1_interfaces/assignment1_interfaces/msg/rosidl_typesupport_introspection_c__visibility_control.h
[5.876s] -- Up-to-date: /home/ba7rouch/Documents/RE1/ReasearchTrack2/ros2_ws/install/assignment1_interfaces/include/assignment1_interfaces/assignment1_interfaces/action
[5.876s] -- Up-to-date: /home/ba7rouch/Documents/RE1/ReasearchTrack2/ros2_ws/install/assignment1_interfaces/include/assignment1_interfaces/assignment1_interfaces/action/detail
[5.876s] -- Installing: /home/ba7rouch/Documents/RE1/ReasearchTrack2/ros2_ws/install/assignment1_interfaces/include/assignment1_interfaces/assignment1_interfaces/action/detail/navigate__rosidl_typesupport_introspection_c.h
[5.876s] -- Installing: /home/ba7rouch/Documents/RE1/ReasearchTrack2/ros2_ws/install/assignment1_interfaces/include/assignment1_interfaces/assignment1_interfaces/action/detail/navigate__type_support.c
[5.876s] -- Installing: /home/ba7rouch/Documents/RE1/ReasearchTrack2/ros2_ws/install/assignment1_interfaces/lib/libassignment1_interfaces__rosidl_typesupport_introspection_c.so
[5.876s] -- Set non-toolchain portion of runtime path of "/home/ba7rouch/Documents/RE1/ReasearchTrack2/ros2_ws/install/assignment1_interfaces/lib/libassignment1_interfaces__rosidl_typesupport_introspection_c.so" to ""
[5.876s] -- Installing: /home/ba7rouch/Documents/RE1/ReasearchTrack2/ros2_ws/install/assignment1_interfaces/lib/libassignment1_interfaces__rosidl_typesupport_c.so
[5.877s] -- Set non-toolchain portion of runtime path of "/home/ba7rouch/Documents/RE1/ReasearchTrack2/ros2_ws/install/assignment1_interfaces/lib/libassignment1_interfaces__rosidl_typesupport_c.so" to ""
[5.877s] -- Up-to-date: /home/ba7rouch/Documents/RE1/ReasearchTrack2/ros2_ws/install/assignment1_interfaces/include/assignment1_interfaces/assignment1_interfaces
[5.877s] -- Up-to-date: /home/ba7rouch/Documents/RE1/ReasearchTrack2/ros2_ws/install/assignment1_interfaces/include/assignment1_interfaces/assignment1_interfaces/msg
[5.877s] -- Installing: /home/ba7rouch/Documents/RE1/ReasearchTrack2/ros2_ws/install/assignment1_interfaces/include/assignment1_interfaces/assignment1_interfaces/msg/rosidl_generator_cpp__visibility_control.hpp
[5.877s] -- Up-to-date: /home/ba7rouch/Documents/RE1/ReasearchTrack2/ros2_ws/install/assignment1_interfaces/include/assignment1_interfaces/assignment1_interfaces/action
[5.877s] -- Up-to-date: /home/ba7rouch/Documents/RE1/ReasearchTrack2/ros2_ws/install/assignment1_interfaces/include/assignment1_interfaces/assignment1_interfaces/action/detail
[5.877s] -- Installing: /home/ba7rouch/Documents/RE1/ReasearchTrack2/ros2_ws/install/assignment1_interfaces/include/assignment1_interfaces/assignment1_interfaces/action/detail/navigate__traits.hpp
[5.877s] -- Installing: /home/ba7rouch/Documents/RE1/ReasearchTrack2/ros2_ws/install/assignment1_interfaces/include/assignment1_interfaces/assignment1_interfaces/action/detail/navigate__builder.hpp
[5.877s] -- Installing: /home/ba7rouch/Documents/RE1/ReasearchTrack2/ros2_ws/install/assignment1_interfaces/include/assignment1_interfaces/assignment1_interfaces/action/detail/navigate__struct.hpp
[5.878s] -- Installing: /home/ba7rouch/Documents/RE1/ReasearchTrack2/ros2_ws/install/assignment1_interfaces/include/assignment1_interfaces/assignment1_interfaces/action/detail/navigate__type_support.hpp
[5.878s] -- Installing: /home/ba7rouch/Documents/RE1/ReasearchTrack2/ros2_ws/install/assignment1_interfaces/include/assignment1_interfaces/assignment1_interfaces/action/navigate.hpp
[5.878s] -- Up-to-date: /home/ba7rouch/Documents/RE1/ReasearchTrack2/ros2_ws/install/assignment1_interfaces/include/assignment1_interfaces/assignment1_interfaces
[5.878s] -- Up-to-date: /home/ba7rouch/Documents/RE1/ReasearchTrack2/ros2_ws/install/assignment1_interfaces/include/assignment1_interfaces/assignment1_interfaces/msg
[5.878s] -- Installing: /home/ba7rouch/Documents/RE1/ReasearchTrack2/ros2_ws/install/assignment1_interfaces/include/assignment1_interfaces/assignment1_interfaces/msg/rosidl_typesupport_fastrtps_cpp__visibility_control.h
[5.878s] -- Up-to-date: /home/ba7rouch/Documents/RE1/ReasearchTrack2/ros2_ws/install/assignment1_interfaces/include/assignment1_interfaces/assignment1_interfaces/action
[5.878s] -- Up-to-date: /home/ba7rouch/Documents/RE1/ReasearchTrack2/ros2_ws/install/assignment1_interfaces/include/assignment1_interfaces/assignment1_interfaces/action/detail
[5.878s] -- Installing: /home/ba7rouch/Documents/RE1/ReasearchTrack2/ros2_ws/install/assignment1_interfaces/include/assignment1_interfaces/assignment1_interfaces/action/detail/navigate__rosidl_typesupport_fastrtps_cpp.hpp
[5.878s] -- Installing: /home/ba7rouch/Documents/RE1/ReasearchTrack2/ros2_ws/install/assignment1_interfaces/include/assignment1_interfaces/assignment1_interfaces/action/detail/dds_fastrtps
[5.878s] -- Installing: /home/ba7rouch/Documents/RE1/ReasearchTrack2/ros2_ws/install/assignment1_interfaces/lib/libassignment1_interfaces__rosidl_typesupport_fastrtps_cpp.so
[5.879s] -- Set non-toolchain portion of runtime path of "/home/ba7rouch/Documents/RE1/ReasearchTrack2/ros2_ws/install/assignment1_interfaces/lib/libassignment1_interfaces__rosidl_typesupport_fastrtps_cpp.so" to ""
[5.879s] -- Up-to-date: /home/ba7rouch/Documents/RE1/ReasearchTrack2/ros2_ws/install/assignment1_interfaces/include/assignment1_interfaces/assignment1_interfaces
[5.879s] -- Up-to-date: /home/ba7rouch/Documents/RE1/ReasearchTrack2/ros2_ws/install/assignment1_interfaces/include/assignment1_interfaces/assignment1_interfaces/action
[5.879s] -- Up-to-date: /home/ba7rouch/Documents/RE1/ReasearchTrack2/ros2_ws/install/assignment1_interfaces/include/assignment1_interfaces/assignment1_interfaces/action/detail
[5.879s] -- Installing: /home/ba7rouch/Documents/RE1/ReasearchTrack2/ros2_ws/install/assignment1_interfaces/include/assignment1_interfaces/assignment1_interfaces/action/detail/navigate__type_support.cpp
[5.879s] -- Installing: /home/ba7rouch/Documents/RE1/ReasearchTrack2/ros2_ws/install/assignment1_interfaces/include/assignment1_interfaces/assignment1_interfaces/action/detail/navigate__rosidl_typesupport_introspection_cpp.hpp
[5.879s] -- Installing: /home/ba7rouch/Documents/RE1/ReasearchTrack2/ros2_ws/install/assignment1_interfaces/lib/libassignment1_interfaces__rosidl_typesupport_introspection_cpp.so
[5.880s] -- Set non-toolchain portion of runtime path of "/home/ba7rouch/Documents/RE1/ReasearchTrack2/ros2_ws/install/assignment1_interfaces/lib/libassignment1_interfaces__rosidl_typesupport_introspection_cpp.so" to ""
[5.880s] -- Installing: /home/ba7rouch/Documents/RE1/ReasearchTrack2/ros2_ws/install/assignment1_interfaces/lib/libassignment1_interfaces__rosidl_typesupport_cpp.so
[5.880s] -- Set non-toolchain portion of runtime path of "/home/ba7rouch/Documents/RE1/ReasearchTrack2/ros2_ws/install/assignment1_interfaces/lib/libassignment1_interfaces__rosidl_typesupport_cpp.so" to ""
[5.880s] -- Installing: /home/ba7rouch/Documents/RE1/ReasearchTrack2/ros2_ws/install/assignment1_interfaces/share/assignment1_interfaces/environment/pythonpath.sh
[5.880s] -- Installing: /home/ba7rouch/Documents/RE1/ReasearchTrack2/ros2_ws/install/assignment1_interfaces/share/assignment1_interfaces/environment/pythonpath.dsv
[5.881s] -- Installing: /home/ba7rouch/Documents/RE1/ReasearchTrack2/ros2_ws/install/assignment1_interfaces/lib/python3.12/site-packages/assignment1_interfaces-0.0.0-py3.12.egg-info
[5.881s] -- Installing: /home/ba7rouch/Documents/RE1/ReasearchTrack2/ros2_ws/install/assignment1_interfaces/lib/python3.12/site-packages/assignment1_interfaces-0.0.0-py3.12.egg-info/top_level.txt
[5.881s] -- Installing: /home/ba7rouch/Documents/RE1/ReasearchTrack2/ros2_ws/install/assignment1_interfaces/lib/python3.12/site-packages/assignment1_interfaces-0.0.0-py3.12.egg-info/dependency_links.txt
[5.881s] -- Installing: /home/ba7rouch/Documents/RE1/ReasearchTrack2/ros2_ws/install/assignment1_interfaces/lib/python3.12/site-packages/assignment1_interfaces-0.0.0-py3.12.egg-info/PKG-INFO
[5.881s] -- Installing: /home/ba7rouch/Documents/RE1/ReasearchTrack2/ros2_ws/install/assignment1_interfaces/lib/python3.12/site-packages/assignment1_interfaces-0.0.0-py3.12.egg-info/SOURCES.txt
[5.881s] -- Installing: /home/ba7rouch/Documents/RE1/ReasearchTrack2/ros2_ws/install/assignment1_interfaces/lib/python3.12/site-packages/assignment1_interfaces
[5.881s] -- Installing: /home/ba7rouch/Documents/RE1/ReasearchTrack2/ros2_ws/install/assignment1_interfaces/lib/python3.12/site-packages/assignment1_interfaces/assignment1_interfaces_s__rosidl_typesupport_introspection_c.so
[5.882s] -- Installing: /home/ba7rouch/Documents/RE1/ReasearchTrack2/ros2_ws/install/assignment1_interfaces/lib/python3.12/site-packages/assignment1_interfaces/_assignment1_interfaces_s.ep.rosidl_typesupport_introspection_c.c
[5.882s] -- Installing: /home/ba7rouch/Documents/RE1/ReasearchTrack2/ros2_ws/install/assignment1_interfaces/lib/python3.12/site-packages/assignment1_interfaces/_assignment1_interfaces_s.ep.rosidl_typesupport_c.c
[5.882s] -- Installing: /home/ba7rouch/Documents/RE1/ReasearchTrack2/ros2_ws/install/assignment1_interfaces/lib/python3.12/site-packages/assignment1_interfaces/_assignment1_interfaces_s.ep.rosidl_typesupport_fastrtps_c.c
[5.882s] -- Installing: /home/ba7rouch/Documents/RE1/ReasearchTrack2/ros2_ws/install/assignment1_interfaces/lib/python3.12/site-packages/assignment1_interfaces/assignment1_interfaces_s__rosidl_typesupport_c.so
[5.882s] -- Installing: /home/ba7rouch/Documents/RE1/ReasearchTrack2/ros2_ws/install/assignment1_interfaces/lib/python3.12/site-packages/assignment1_interfaces/assignment1_interfaces_s__rosidl_typesupport_fastrtps_c.so
[5.882s] -- Installing: /home/ba7rouch/Documents/RE1/ReasearchTrack2/ros2_ws/install/assignment1_interfaces/lib/python3.12/site-packages/assignment1_interfaces/action
[5.882s] -- Installing: /home/ba7rouch/Documents/RE1/ReasearchTrack2/ros2_ws/install/assignment1_interfaces/lib/python3.12/site-packages/assignment1_interfaces/action/_navigate_s.c
[5.883s] -- Installing: /home/ba7rouch/Documents/RE1/ReasearchTrack2/ros2_ws/install/assignment1_interfaces/lib/python3.12/site-packages/assignment1_interfaces/action/__init__.py
[5.883s] -- Installing: /home/ba7rouch/Documents/RE1/ReasearchTrack2/ros2_ws/install/assignment1_interfaces/lib/python3.12/site-packages/assignment1_interfaces/action/_navigate.py
[5.883s] -- Installing: /home/ba7rouch/Documents/RE1/ReasearchTrack2/ros2_ws/install/assignment1_interfaces/lib/python3.12/site-packages/assignment1_interfaces/__init__.py
[5.923s] Listing '/home/ba7rouch/Documents/RE1/ReasearchTrack2/ros2_ws/install/assignment1_interfaces/lib/python3.12/site-packages/assignment1_interfaces'...
[5.923s] Compiling '/home/ba7rouch/Documents/RE1/ReasearchTrack2/ros2_ws/install/assignment1_interfaces/lib/python3.12/site-packages/assignment1_interfaces/__init__.py'...
[5.923s] Listing '/home/ba7rouch/Documents/RE1/ReasearchTrack2/ros2_ws/install/assignment1_interfaces/lib/python3.12/site-packages/assignment1_interfaces/action'...
[5.923s] Compiling '/home/ba7rouch/Documents/RE1/ReasearchTrack2/ros2_ws/install/assignment1_interfaces/lib/python3.12/site-packages/assignment1_interfaces/action/__init__.py'...
[5.923s] Compiling '/home/ba7rouch/Documents/RE1/ReasearchTrack2/ros2_ws/install/assignment1_interfaces/lib/python3.12/site-packages/assignment1_interfaces/action/_navigate.py'...
[5.929s] -- Installing: /home/ba7rouch/Documents/RE1/ReasearchTrack2/ros2_ws/install/assignment1_interfaces/lib/python3.12/site-packages/assignment1_interfaces/assignment1_interfaces_s__rosidl_typesupport_fastrtps_c.so
[5.930s] -- Set non-toolchain portion of runtime path of "/home/ba7rouch/Documents/RE1/ReasearchTrack2/ros2_ws/install/assignment1_interfaces/lib/python3.12/site-packages/assignment1_interfaces/assignment1_interfaces_s__rosidl_typesupport_fastrtps_c.so" to ""
[5.930s] -- Installing: /home/ba7rouch/Documents/RE1/ReasearchTrack2/ros2_ws/install/assignment1_interfaces/lib/python3.12/site-packages/assignment1_interfaces/assignment1_interfaces_s__rosidl_typesupport_introspection_c.so
[5.930s] -- Set non-toolchain portion of runtime path of "/home/ba7rouch/Documents/RE1/ReasearchTrack2/ros2_ws/install/assignment1_interfaces/lib/python3.12/site-packages/assignment1_interfaces/assignment1_interfaces_s__rosidl_typesupport_introspection_c.so" to ""
[5.931s] -- Installing: /home/ba7rouch/Documents/RE1/ReasearchTrack2/ros2_ws/install/assignment1_interfaces/lib/python3.12/site-packages/assignment1_interfaces/assignment1_interfaces_s__rosidl_typesupport_c.so
[5.931s] -- Set non-toolchain portion of runtime path of "/home/ba7rouch/Documents/RE1/ReasearchTrack2/ros2_ws/install/assignment1_interfaces/lib/python3.12/site-packages/assignment1_interfaces/assignment1_interfaces_s__rosidl_typesupport_c.so" to ""
[5.931s] -- Installing: /home/ba7rouch/Documents/RE1/ReasearchTrack2/ros2_ws/install/assignment1_interfaces/lib/libassignment1_interfaces__rosidl_generator_py.so
[5.932s] -- Set non-toolchain portion of runtime path of "/home/ba7rouch/Documents/RE1/ReasearchTrack2/ros2_ws/install/assignment1_interfaces/lib/libassignment1_interfaces__rosidl_generator_py.so" to ""
[5.932s] -- Installing: /home/ba7rouch/Documents/RE1/ReasearchTrack2/ros2_ws/install/assignment1_interfaces/share/assignment1_interfaces/action/Navigate.idl
[5.932s] -- Installing: /home/ba7rouch/Documents/RE1/ReasearchTrack2/ros2_ws/install/assignment1_interfaces/share/assignment1_interfaces/action/Navigate.action
[5.932s] -- Installing: /home/ba7rouch/Documents/RE1/ReasearchTrack2/ros2_ws/install/assignment1_interfaces/share/ament_index/resource_index/package_run_dependencies/assignment1_interfaces
[5.932s] -- Installing: /home/ba7rouch/Documents/RE1/ReasearchTrack2/ros2_ws/install/assignment1_interfaces/share/ament_index/resource_index/parent_prefix_path/assignment1_interfaces
[5.932s] -- Installing: /home/ba7rouch/Documents/RE1/ReasearchTrack2/ros2_ws/install/assignment1_interfaces/share/assignment1_interfaces/environment/ament_prefix_path.sh
[5.932s] -- Installing: /home/ba7rouch/Documents/RE1/ReasearchTrack2/ros2_ws/install/assignment1_interfaces/share/assignment1_interfaces/environment/ament_prefix_path.dsv
[5.933s] -- Installing: /home/ba7rouch/Documents/RE1/ReasearchTrack2/ros2_ws/install/assignment1_interfaces/share/assignment1_interfaces/environment/path.sh
[5.933s] -- Installing: /home/ba7rouch/Documents/RE1/ReasearchTrack2/ros2_ws/install/assignment1_interfaces/share/assignment1_interfaces/environment/path.dsv
[5.933s] -- Installing: /home/ba7rouch/Documents/RE1/ReasearchTrack2/ros2_ws/install/assignment1_interfaces/share/assignment1_interfaces/local_setup.bash
[5.933s] -- Installing: /home/ba7rouch/Documents/RE1/ReasearchTrack2/ros2_ws/install/assignment1_interfaces/share/assignment1_interfaces/local_setup.sh
[5.933s] -- Installing: /home/ba7rouch/Documents/RE1/ReasearchTrack2/ros2_ws/install/assignment1_interfaces/share/assignment1_interfaces/local_setup.zsh
[5.933s] -- Installing: /home/ba7rouch/Documents/RE1/ReasearchTrack2/ros2_ws/install/assignment1_interfaces/share/assignment1_interfaces/local_setup.dsv
[5.933s] -- Installing: /home/ba7rouch/Documents/RE1/ReasearchTrack2/ros2_ws/install/assignment1_interfaces/share/assignment1_interfaces/package.dsv
[5.934s] -- Installing: /home/ba7rouch/Documents/RE1/ReasearchTrack2/ros2_ws/install/assignment1_interfaces/share/ament_index/resource_index/packages/assignment1_interfaces
[5.934s] -- Installing: /home/ba7rouch/Documents/RE1/ReasearchTrack2/ros2_ws/install/assignment1_interfaces/share/assignment1_interfaces/cmake/export_assignment1_interfaces__rosidl_generator_cExport.cmake
[5.934s] -- Installing: /home/ba7rouch/Documents/RE1/ReasearchTrack2/ros2_ws/install/assignment1_interfaces/share/assignment1_interfaces/cmake/export_assignment1_interfaces__rosidl_generator_cExport-noconfig.cmake
[5.934s] -- Installing: /home/ba7rouch/Documents/RE1/ReasearchTrack2/ros2_ws/install/assignment1_interfaces/share/assignment1_interfaces/cmake/export_assignment1_interfaces__rosidl_typesupport_fastrtps_cExport.cmake
[5.934s] -- Installing: /home/ba7rouch/Documents/RE1/ReasearchTrack2/ros2_ws/install/assignment1_interfaces/share/assignment1_interfaces/cmake/export_assignment1_interfaces__rosidl_typesupport_fastrtps_cExport-noconfig.cmake
[5.934s] -- Installing: /home/ba7rouch/Documents/RE1/ReasearchTrack2/ros2_ws/install/assignment1_interfaces/share/assignment1_interfaces/cmake/assignment1_interfaces__rosidl_typesupport_introspection_cExport.cmake
[5.935s] -- Installing: /home/ba7rouch/Documents/RE1/ReasearchTrack2/ros2_ws/install/assignment1_interfaces/share/assignment1_interfaces/cmake/assignment1_interfaces__rosidl_typesupport_introspection_cExport-noconfig.cmake
[5.935s] -- Installing: /home/ba7rouch/Documents/RE1/ReasearchTrack2/ros2_ws/install/assignment1_interfaces/share/assignment1_interfaces/cmake/assignment1_interfaces__rosidl_typesupport_cExport.cmake
[5.935s] -- Installing: /home/ba7rouch/Documents/RE1/ReasearchTrack2/ros2_ws/install/assignment1_interfaces/share/assignment1_interfaces/cmake/assignment1_interfaces__rosidl_typesupport_cExport-noconfig.cmake
[5.935s] -- Installing: /home/ba7rouch/Documents/RE1/ReasearchTrack2/ros2_ws/install/assignment1_interfaces/share/assignment1_interfaces/cmake/export_assignment1_interfaces__rosidl_generator_cppExport.cmake
[5.935s] -- Installing: /home/ba7rouch/Documents/RE1/ReasearchTrack2/ros2_ws/install/assignment1_interfaces/share/assignment1_interfaces/cmake/export_assignment1_interfaces__rosidl_typesupport_fastrtps_cppExport.cmake
[5.935s] -- Installing: /home/ba7rouch/Documents/RE1/ReasearchTrack2/ros2_ws/install/assignment1_interfaces/share/assignment1_interfaces/cmake/export_assignment1_interfaces__rosidl_typesupport_fastrtps_cppExport-noconfig.cmake
[5.936s] -- Installing: /home/ba7rouch/Documents/RE1/ReasearchTrack2/ros2_ws/install/assignment1_interfaces/share/assignment1_interfaces/cmake/assignment1_interfaces__rosidl_typesupport_introspection_cppExport.cmake
[5.936s] -- Installing: /home/ba7rouch/Documents/RE1/ReasearchTrack2/ros2_ws/install/assignment1_interfaces/share/assignment1_interfaces/cmake/assignment1_interfaces__rosidl_typesupport_introspection_cppExport-noconfig.cmake
[5.936s] -- Installing: /home/ba7rouch/Documents/RE1/ReasearchTrack2/ros2_ws/install/assignment1_interfaces/share/assignment1_interfaces/cmake/assignment1_interfaces__rosidl_typesupport_cppExport.cmake
[5.936s] -- Installing: /home/ba7rouch/Documents/RE1/ReasearchTrack2/ros2_ws/install/assignment1_interfaces/share/assignment1_interfaces/cmake/assignment1_interfaces__rosidl_typesupport_cppExport-noconfig.cmake
[5.936s] -- Installing: /home/ba7rouch/Documents/RE1/ReasearchTrack2/ros2_ws/install/assignment1_interfaces/share/assignment1_interfaces/cmake/export_assignment1_interfaces__rosidl_generator_pyExport.cmake
[5.936s] -- Installing: /home/ba7rouch/Documents/RE1/ReasearchTrack2/ros2_ws/install/assignment1_interfaces/share/assignment1_interfaces/cmake/export_assignment1_interfaces__rosidl_generator_pyExport-noconfig.cmake
[5.936s] -- Installing: /home/ba7rouch/Documents/RE1/ReasearchTrack2/ros2_ws/install/assignment1_interfaces/share/assignment1_interfaces/cmake/rosidl_cmake-extras.cmake
[5.937s] -- Installing: /home/ba7rouch/Documents/RE1/ReasearchTrack2/ros2_ws/install/assignment1_interfaces/share/assignment1_interfaces/cmake/ament_cmake_export_dependencies-extras.cmake
[5.937s] -- Installing: /home/ba7rouch/Documents/RE1/ReasearchTrack2/ros2_ws/install/assignment1_interfaces/share/assignment1_interfaces/cmake/ament_cmake_export_include_directories-extras.cmake
[5.937s] -- Installing: /home/ba7rouch/Documents/RE1/ReasearchTrack2/ros2_ws/install/assignment1_interfaces/share/assignment1_interfaces/cmake/ament_cmake_export_libraries-extras.cmake
[5.937s] -- Installing: /home/ba7rouch/Documents/RE1/ReasearchTrack2/ros2_ws/install/assignment1_interfaces/share/assignment1_interfaces/cmake/ament_cmake_export_targets-extras.cmake
[5.937s] -- Installing: /home/ba7rouch/Documents/RE1/ReasearchTrack2/ros2_ws/install/assignment1_interfaces/share/assignment1_interfaces/cmake/rosidl_cmake_export_typesupport_targets-extras.cmake
[5.937s] -- Installing: /home/ba7rouch/Documents/RE1/ReasearchTrack2/ros2_ws/install/assignment1_interfaces/share/assignment1_interfaces/cmake/rosidl_cmake_export_typesupport_libraries-extras.cmake
[5.937s] -- Installing: /home/ba7rouch/Documents/RE1/ReasearchTrack2/ros2_ws/install/assignment1_interfaces/share/assignment1_interfaces/cmake/assignment1_interfacesConfig.cmake
[5.938s] -- Installing: /home/ba7rouch/Documents/RE1/ReasearchTrack2/ros2_ws/install/assignment1_interfaces/share/assignment1_interfaces/cmake/assignment1_interfacesConfig-version.cmake
[5.938s] -- Installing: /home/ba7rouch/Documents/RE1/ReasearchTrack2/ros2_ws/install/assignment1_interfaces/share/assignment1_interfaces/package.xml
[5.940s] Invoked command in '/home/ba7rouch/Documents/RE1/ReasearchTrack2/ros2_ws/build/assignment1_interfaces' returned '0': CMAKE_PREFIX_PATH=${CMAKE_PREFIX_PATH}:/opt/ros/jazzy DEBUGINFOD_URLS=https://debuginfod.ubuntu.com /usr/bin/cmake --install /home/ba7rouch/Documents/RE1/ReasearchTrack2/ros2_ws/build/assignment1_interfaces
