[0.012s] Invoking command in '/home/ba7rouch/Documents/RE1/ReasearchTrack2/ros2_ws/build/assignment1_interfaces': CMAKE_PREFIX_PATH=${CMAKE_PREFIX_PATH}:/opt/ros/jazzy DEBUGINFOD_URLS=https://debuginfod.ubuntu.com /usr/bin/cmake /home/ba7rouch/Documents/RE1/ReasearchTrack2/ros2_ws/src/assignment1_interfaces -DCMAKE_INSTALL_PREFIX=/home/ba7rouch/Documents/RE1/ReasearchTrack2/ros2_ws/install/assignment1_interfaces
[0.143s] -- The C compiler identification is GNU 13.3.0
[0.247s] -- The CXX compiler identification is GNU 13.3.0
[0.270s] -- Detecting C compiler ABI info
[0.390s] -- Detecting C compiler ABI info - done
[0.399s] -- Check for working C compiler: /usr/bin/cc - skipped
[0.400s] -- Detecting C compile features
[0.400s] -- Detecting C compile features - done
[0.413s] -- Detecting CXX compiler ABI info
[0.526s] -- Detecting CXX compiler ABI info - done
[0.534s] -- Check for working CXX compiler: /usr/bin/c++ - skipped
[0.534s] -- Detecting CXX compile features
[0.534s] -- Detecting CXX compile features - done
[0.546s] -- Found ament_cmake: 2.5.4 (/opt/ros/jazzy/share/ament_cmake/cmake)
[0.706s] -- Found Python3: /usr/bin/python3 (found version "3.12.3") found components: Interpreter 
[0.868s] -- Found rosidl_default_generators: 1.6.0 (/opt/ros/jazzy/share/rosidl_default_generators/cmake)
[0.880s] -- Using all available rosidl_typesupport_c: rosidl_typesupport_fastrtps_c;rosidl_typesupport_introspection_c
[0.975s] -- Using all available rosidl_typesupport_cpp: rosidl_typesupport_fastrtps_cpp;rosidl_typesupport_introspection_cpp
[1.047s] -- Found rosidl_adapter: 4.6.6 (/opt/ros/jazzy/share/rosidl_adapter/cmake)
[1.440s] [31mCMake Error at /opt/ros/jazzy/share/rosidl_cmake/cmake/rosidl_generate_interfaces.cmake:223 (message):
[1.440s]   Packages installing interfaces must include
[1.441s]   '<member_of_group>rosidl_interface_packages</member_of_group>' in their
[1.441s]   package.xml
[1.441s] Call Stack (most recent call first):
[1.441s]   CMakeLists.txt:15 (rosidl_generate_interfaces)
[1.441s] 
[1.441s] [0m
[1.441s] -- Configuring incomplete, errors occurred!
[1.450s] Invoked command in '/home/ba7rouch/Documents/RE1/ReasearchTrack2/ros2_ws/build/assignment1_interfaces' returned '1': CMAKE_PREFIX_PATH=${CMAKE_PREFIX_PATH}:/opt/ros/jazzy DEBUGINFOD_URLS=https://debuginfod.ubuntu.com /usr/bin/cmake /home/ba7rouch/Documents/RE1/ReasearchTrack2/ros2_ws/src/assignment1_interfaces -DCMAKE_INSTALL_PREFIX=/home/ba7rouch/Documents/RE1/ReasearchTrack2/ros2_ws/install/assignment1_interfaces
